<?xml version="1.0" encoding="UTF-8"?>
<!-- Generated by org.testng.reporters.JUnitReportReporter -->
<testsuite hostname="DESKTOP-LSAVSSC" failures="0" tests="2" name="SeleniumAcademy.SeleniumAutomationFrameWorkDesign.Tests.SubmitOrder2HashMap" time="33.128" errors="0" timestamp="2025-06-06T10:12:45 IST" skipped="0">
  <testcase classname="SeleniumAcademy.SeleniumAutomationFrameWorkDesign.Tests.SubmitOrder2HashMap" name="submitOrdermeth" time="10.532"/>
  <testcase classname="SeleniumAcademy.SeleniumAutomationFrameWorkDesign.Tests.SubmitOrder2HashMap" name="submitOrdermeth" time="22.596"/>
</testsuite> <!-- SeleniumAcademy.SeleniumAutomationFrameWorkDesign.Tests.SubmitOrder2HashMap -->
