<?xml version="1.0" encoding="UTF-8"?>
<!-- Generated by org.testng.reporters.JUnitReportReporter -->
<testsuite hostname="DESKTOP-LSAVSSC" failures="0" tests="2" name="SeleniumAcademy.SeleniumAutomationFrameWorkDesign.Tests.SubmitOrder" time="51.417" errors="0" timestamp="2025-06-09T14:57:41 IST" skipped="0">
  <testcase classname="SeleniumAcademy.SeleniumAutomationFrameWorkDesign.Tests.SubmitOrder" name="submitOrdermeth" time="25.659"/>
  <testcase classname="SeleniumAcademy.SeleniumAutomationFrameWorkDesign.Tests.SubmitOrder" name="submitOrdermeth" time="25.758"/>
</testsuite> <!-- SeleniumAcademy.SeleniumAutomationFrameWorkDesign.Tests.SubmitOrder -->
